<?xml version="1.0" encoding="UTF-8"?>
<testsuite xmlns:xsi="http://www.w3.org/2001/XMLSchema-instance" xsi:noNamespaceSchemaLocation="https://maven.apache.org/surefire/maven-surefire-plugin/xsd/surefire-test-report.xsd" version="3.0.2" name="com.tejas.SpringbootRestApplicationTests" time="0.946" tests="1" errors="0" skipped="0" failures="0">
  <properties>
[...]
</properties>
  <testcase name="contextLoads" classname="com.tejas.SpringbootRestApplicationTests" time="0.36">
    <system-out><![CDATA[21:45:39.934 [main] INFO org.springframework.test.context.support.AnnotationConfigContextLoaderUtils -- Could not detect default configuration classes for test class [com.tejas.SpringbootRestApplicationTests]: SpringbootRestApplicationTests does not declare any static, non-private, non-final, nested classes annotated with @Configuration.
21:45:39.973 [main] INFO org.springframework.boot.test.context.SpringBootTestContextBootstrapper -- Found @SpringBootConfiguration com.tejas.SpringbootRestApplication for test class com.tejas.SpringbootRestApplicationTests

  .   ____          _            __ _ _
 /\\ / ___'_ __ _ _(_)_ __  __ _ \ \ \ \
( ( )\___ | '_ | '_| | '_ \/ _` | \ \ \ \
 \\/  ___)| |_)| | | | | || (_| |  ) ) ) )
  '  |____| .__|_| |_|_| |_\__, | / / / /
 =========|_|==============|___/=/_/_/_/

 :: Spring Boot ::                (v3.5.6)

2025-10-01T21:45:40.122+05:30  INFO 38817 --- [springbootREST] [           main] c.tejas.SpringbootRestApplicationTests   : Starting SpringbootRestApplicationTests using Java 17.0.14 with PID 38817 (started by darshanakamble in /Users/darshanakamble/tempDelete/Java/Eclipse/springbootREST)
2025-10-01T21:45:40.122+05:30  INFO 38817 --- [springbootREST] [           main] c.tejas.SpringbootRestApplicationTests   : No active profile set, falling back to 1 default profile: "default"
2025-10-01T21:45:40.458+05:30  INFO 38817 --- [springbootREST] [           main] c.tejas.SpringbootRestApplicationTests   : Started SpringbootRestApplicationTests in 0.437 seconds (process running for 0.807)
]]></system-out>
  </testcase>
</testsuite>